[0m[[0m[0mdebug[0m] [0m[0m> Exec(testOnly *Markdown_Suite -- -z Unord, Some(75862abe-730e-4484-81fb-95c2a5fa118e), Some(CommandSource(console0)))[0m
[0m[[0m[0mdebug[0m] [0m[0mEvaluating tasks: Test / testOnly[0m
[0m[[0m[0mdebug[0m] [0m[0mRunning task... Cancel: Signal, check cycles: false, forcegc: true[0m
[0m[[0m[0minfo[0m] [0m[0mcompiling 1 Scala source to /home/mike/dev/Scala/Parser/target/scala-3.4.1/classes ...[0m
[0m[[0m[0minfo[0m] [0m[0m[32mMarkdown_Suite:[0m[0m
[0m[[0m[0minfo[0m] [0m[0m[31m- Unordered List *** FAILED ***[0m[0m
[0m[[0m[0minfo[0m] [0m[0m[31m  (List(Vector(Red, Green),false),[input] * Red\n* Green\n* Blue) did not equal (List(Vector(Red, Green, Blue),false),[input] * Red\n* Green\n* Blue) (Markdown.scala:139)[0m[0m
[0m[[0m[0minfo[0m] [0m[0m[31m  Analysis:[0m[0m
[0m[[0m[0minfo[0m] [0m[0m[31m  Tuple2(_1: ParseSuccess(value: Markdown$List(value: Vector1(2: -> Blue))), _2: ParserInput(pos: 14 -> 20))[0m[0m
[0m[[0m[0minfo[0m] [0m[0m[36mRun completed in 206 milliseconds.[0m[0m
[0m[[0m[0minfo[0m] [0m[0m[36mTotal number of tests run: 1[0m[0m
[0m[[0m[0minfo[0m] [0m[0m[36mSuites: completed 1, aborted 0[0m[0m
[0m[[0m[0minfo[0m] [0m[0m[36mTests: succeeded 0, failed 1, canceled 0, ignored 0, pending 0[0m[0m
[0m[[0m[0minfo[0m] [0m[0m[31m*** 1 TEST FAILED ***[0m[0m
[0m[[0m[31merror[0m] [0m[0mFailed tests:[0m
[0m[[0m[31merror[0m] [0m[0m	MarkDown.Markdown_Suite[0m
[0m[[0m[31merror[0m] [0m[0m(Test / [31mtestOnly[0m) sbt.TestsFailedException: Tests unsuccessful[0m
[0m[[0m[31merror[0m] [0m[0mTotal time: 8 s, completed Apr. 30, 2024, 2:54:48 p.m.[0m
[0m[[0m[0mdebug[0m] [0m[0m> Exec(shell, None, None)[0m
