[0m[[0m[0mdebug[0m] [0m[0m> Exec(test, Some(e92e9fa7-1db1-44ec-99f9-4815246fd95d), Some(CommandSource(console0)))[0m
[0m[[0m[0mdebug[0m] [0m[0mEvaluating tasks: Test / test[0m
[0m[[0m[0mdebug[0m] [0m[0mRunning task... Cancel: Signal, check cycles: false, forcegc: true[0m
[0m[[0m[0minfo[0m] [0m[0mcompiling 1 Scala source to /home/mike/dev/Scala/cloned/target/scala-3.4.1/test-classes ...[0m
[0m[[0m[0minfo[0m] [0m[0m[32mPrimitives_Suite:[0m[0m
[0m[[0m[0minfo[0m] [0m[0m[32m- Test String Parser[0m[0m
[0m[[0m[0minfo[0m] [0m[0m[32mCombinators_Suite:[0m[0m
[0m[[0m[0minfo[0m] [0m[0m[32m- Test AND combinator[0m[0m
[0m[[0m[0minfo[0m] [0m[0m[31m- Test zeroOrMore combinator *** FAILED ***[0m[0m
[0m[[0m[0minfo[0m] [0m[0m[31m  Right(ParseSuccess(bye,3)) did not equal Right(ParseSuccess(Vector(bye, bye, bye),9)) (Parser.scala:50)[0m[0m
[0m[[0m[0minfo[0m] [0m[0m[31m  Analysis:[0m[0m
[0m[[0m[0minfo[0m] [0m[0m[31m  Right(value: ParseSuccess(nextPos: 3 -> 9, value: bye -> Vector(bye, bye, bye)))[0m[0m
[0m[[0m[0minfo[0m] [0m[0m[36mRun completed in 412 milliseconds.[0m[0m
[0m[[0m[0minfo[0m] [0m[0m[36mTotal number of tests run: 3[0m[0m
[0m[[0m[0minfo[0m] [0m[0m[36mSuites: completed 2, aborted 0[0m[0m
[0m[[0m[0minfo[0m] [0m[0m[36mTests: succeeded 2, failed 1, canceled 0, ignored 0, pending 0[0m[0m
[0m[[0m[0minfo[0m] [0m[0m[31m*** 1 TEST FAILED ***[0m[0m
[0m[[0m[31merror[0m] [0m[0mFailed tests:[0m
[0m[[0m[31merror[0m] [0m[0m	Parser.Combinators_Suite[0m
[0m[[0m[31merror[0m] [0m[0m(Test / [31mtest[0m) sbt.TestsFailedException: Tests unsuccessful[0m
[0m[[0m[31merror[0m] [0m[0mTotal time: 7 s, completed Mar. 30, 2024, 7:28:16 p.m.[0m
[0m[[0m[0mdebug[0m] [0m[0m> Exec(shell, None, None)[0m
